2021-03-12 11:21:14.151783 | Results for data/dms/dms_adrb2.csv:
2021-03-12 11:21:14.151889 | 	DMS_0-esm1b:
2021-03-12 11:21:14.157457 | 		Spearman r = 0.3904187478041421, P = 2.1235510788860287e-282
2021-03-12 11:21:14.157471 | 	DMS_0-DeepSequence:
2021-03-12 11:21:14.161814 | 		Spearman r = 0.391597764414569, P = 3.0389597487856813e-284
2021-03-12 11:21:14.161827 | 	DMS_0.15-esm1b:
2021-03-12 11:21:14.166376 | 		Spearman r = 0.4598212297664396, P = 0.0
2021-03-12 11:21:14.166388 | 	DMS_0.15-DeepSequence:
2021-03-12 11:21:14.170654 | 		Spearman r = 0.46271604889914103, P = 0.0
2021-03-12 11:21:14.170668 | 	DMS_0.625-esm1b:
2021-03-12 11:21:14.175176 | 		Spearman r = 0.5205633353787167, P = 0.0
2021-03-12 11:21:14.175189 | 	DMS_0.625-DeepSequence:
2021-03-12 11:21:14.179451 | 		Spearman r = 0.5219299153708199, P = 0.0
2021-03-12 11:21:14.179464 | 	DMS_5-esm1b:
2021-03-12 11:21:14.184011 | 		Spearman r = 0.4543821086295187, P = 0.0
2021-03-12 11:21:14.184023 | 	DMS_5-DeepSequence:
2021-03-12 11:21:14.188303 | 		Spearman r = 0.446730164694329, P = 0.0
2021-03-12 11:27:01.212269 | Results for data/dms/dms_bla.csv:
2021-03-12 11:27:01.212381 | 	DMS_(a)-esm1b:
2021-03-12 11:27:01.214728 | 		Spearman r = 0.7555821611800555, P = 1.4749995233426459e-13
2021-03-12 11:27:01.214742 | 	DMS_(a)-DeepSequence:
2021-03-12 11:27:01.216247 | 		Spearman r = -0.31834780012324, P = 0.008653765888684831
2021-03-12 11:27:01.216261 | 	DMS_amp_0_(b)-esm1b:
2021-03-12 11:27:01.219428 | 		Spearman r = 0.1204696880950448, P = 1.4803470893287775e-17
2021-03-12 11:27:01.219440 | 	DMS_amp_0_(b)-DeepSequence:
2021-03-12 11:27:01.222570 | 		Spearman r = 0.1495877145087174, P = 2.64173825911884e-26
2021-03-12 11:27:01.222583 | 	DMS_amp_10_(b)-esm1b:
2021-03-12 11:27:01.226572 | 		Spearman r = 0.08640662413910985, P = 1.5803399905741995e-09
2021-03-12 11:27:01.226584 | 	DMS_amp_10_(b)-DeepSequence:
2021-03-12 11:27:01.230528 | 		Spearman r = 0.09991812464665394, P = 2.8644213540126883e-12
2021-03-12 11:27:01.230541 | 	DMS_amp_39_(b)-esm1b:
2021-03-12 11:27:01.233748 | 		Spearman r = 0.24960186969966436, P = 1.4082833219128296e-71
2021-03-12 11:27:01.233765 | 	DMS_amp_39_(b)-DeepSequence:
2021-03-12 11:27:01.236907 | 		Spearman r = 0.27085003986887574, P = 1.9707351833712756e-84
2021-03-12 11:27:01.236921 | 	DMS_amp_156_(b)-esm1b:
2021-03-12 11:27:01.240050 | 		Spearman r = 0.415996174415322, P = 1.3142248131922309e-207
2021-03-12 11:27:01.240061 | 	DMS_amp_156_(b)-DeepSequence:
2021-03-12 11:27:01.243167 | 		Spearman r = 0.4383963273209944, P = 6.234549196213311e-233
2021-03-12 11:27:01.243180 | 	DMS_amp_625_(b)-esm1b:
2021-03-12 11:27:01.246298 | 		Spearman r = 0.5196224520682482, P = 0.0
2021-03-12 11:27:01.246311 | 	DMS_amp_625_(b)-DeepSequence:
2021-03-12 11:27:01.249392 | 		Spearman r = 0.616494865136829, P = 0.0
2021-03-12 11:27:01.249405 | 	DMS_amp_2500_(b)-esm1b:
2021-03-12 11:27:01.252589 | 		Spearman r = 0.62982735475457, P = 0.0
2021-03-12 11:27:01.252602 | 	DMS_amp_2500_(b)-DeepSequence:
2021-03-12 11:27:01.255740 | 		Spearman r = 0.7532877726948102, P = 0.0
2021-03-12 11:27:01.255754 | 	DMS_cefo_0.2_(b)-esm1b:
2021-03-12 11:27:01.258879 | 		Spearman r = -0.08924407890162263, P = 2.8336180526578225e-10
2021-03-12 11:27:01.258891 | 	DMS_cefo_0.2_(b)-DeepSequence:
2021-03-12 11:27:01.261970 | 		Spearman r = -0.06479001941522407, P = 4.764129280720241e-06
2021-03-12 11:27:01.261983 | 	DMS_M182T_(c)-esm1b:
2021-03-12 11:27:01.263680 | 		Spearman r = 0.40241154088901226, P = 4.57636250703111e-09
2021-03-12 11:27:01.263692 | 	DMS_M182T_(c)-DeepSequence:
2021-03-12 11:27:01.265341 | 		Spearman r = 0.41229452706345804, P = 1.7449137506975667e-09
2021-03-12 11:27:01.265354 | 	DMS_WT_(c)-esm1b:
2021-03-12 11:27:01.268439 | 		Spearman r = 0.5874454318514593, P = 6.724767022002867e-93
2021-03-12 11:27:01.268451 | 	DMS_WT_(c)-DeepSequence:
2021-03-12 11:27:01.271463 | 		Spearman r = 0.7326302087327433, P = 2.8404642983707466e-167
2021-03-12 11:27:01.271475 | 	DMS_(d)-esm1b:
2021-03-12 11:27:01.291481 | 		Spearman r = -0.6175089377922366, P = 0.0
2021-03-12 11:27:01.291493 | 	DMS_(d)-DeepSequence:
2021-03-12 11:27:01.311472 | 		Spearman r = -0.7162613994222705, P = 0.0
2021-03-12 17:01:39.573582 | Results for data/dms/dms_brca1.csv:
2021-03-12 17:01:39.776480 | 	DMS_Y2H_all_(a)-esm1b:
2021-03-12 17:01:41.324618 | 		Spearman r = 0.17887399321267078, P = 4.919065688392969e-14
2021-03-12 17:01:41.324650 | 	DMS_Y2H_all_(a)-DeepSequence:
2021-03-12 17:01:41.329139 | 		Spearman r = 0.1458854650028293, P = 8.911061897810844e-10
2021-03-12 17:01:41.329155 | 	DMS_E3_all_(a)-esm1b:
2021-03-12 17:01:41.333805 | 		Spearman r = 0.2189072475383177, P = 8.8340734317546e-54
2021-03-12 17:01:41.333818 | 	DMS_E3_all_(a)-DeepSequence:
2021-03-12 17:01:41.338867 | 		Spearman r = 0.19199852455767094, P = 1.4980559661463966e-41
2021-03-12 17:01:41.338881 | 	DMS_Y2H_high_(a)-esm1b:
2021-03-12 17:01:41.425053 | 		Spearman r = 0.22008938620638763, P = 9.889679798932104e-17
2021-03-12 17:01:41.425079 | 	DMS_Y2H_high_(a)-DeepSequence:
2021-03-12 17:01:41.429551 | 		Spearman r = 0.19708795755683434, P = 1.1752861690789232e-13
2021-03-12 17:01:41.429564 | 	DMS_E3_high_(a)-esm1b:
2021-03-12 17:01:41.433390 | 		Spearman r = 0.4085448177238261, P = 1.1664441411906668e-120
2021-03-12 17:01:41.433402 | 	DMS_E3_high_(a)-DeepSequence:
2021-03-12 17:01:41.437682 | 		Spearman r = 0.2867304570386528, P = 1.0979344439677105e-57
2021-03-12 17:01:41.437695 | 	DMS_(b)-esm1b:
2021-03-12 17:01:41.441104 | 		Spearman r = 0.45694788919675, P = 1.93318683077114e-95
2021-03-12 17:01:41.441116 | 	DMS_(b)-DeepSequence:
2021-03-12 17:01:41.444477 | 		Spearman r = 0.4047869009745998, P = 4.423167824654717e-24
2021-03-12 17:03:31.403308 | Results for data/dms/dms_calm1.csv:
2021-03-12 17:03:31.403423 | 	DMS-esm1b:
2021-03-12 17:03:31.406523 | 		Spearman r = 0.17319278937642282, P = 1.1232959540674353e-13
2021-03-12 17:03:31.406537 | 	DMS-DeepSequence:
2021-03-12 17:03:31.408809 | 		Spearman r = 0.2330033047345174, P = 8.914752022358896e-24
2021-03-12 17:03:31.408823 | 	DMS_flipped-esm1b:
2021-03-12 17:03:31.411066 | 		Spearman r = 0.2411329605578252, P = 2.1349047024145785e-25
2021-03-12 17:03:31.411078 | 	DMS_flipped-DeepSequence:
2021-03-12 17:03:31.413294 | 		Spearman r = 0.3062765620647369, P = 1.1183901491415715e-40
2021-03-12 19:34:35.368113 | Results for data/dms/dms_cas9.csv:
2021-03-12 19:34:35.372880 | 	DMS_positive-esm1b:
2021-03-12 19:34:35.611516 | 		Spearman r = 0.25174063364542354, P = 2.616248848917196e-35
2021-03-12 19:34:35.611551 | 	DMS_positive-DeepSequence:
2021-03-12 19:34:35.619171 | 		Spearman r = 0.22851529628747885, P = 3.1452919781422375e-29
2021-03-12 19:34:35.619203 | 	DMS_negative-esm1b:
2021-03-12 19:34:35.625446 | 		Spearman r = 0.019882347442963716, P = 0.3352363987916449
2021-03-12 19:34:35.625462 | 	DMS_negative-DeepSequence:
2021-03-12 19:34:35.628630 | 		Spearman r = 0.004848793568882744, P = 0.8142239894810064
2021-03-12 19:35:33.548470 | Results for data/dms/dms_ccdb.csv:
2021-03-12 19:35:33.548569 | 	DMS-esm1b:
2021-03-12 19:35:33.551233 | 		Spearman r = -0.3205604698358926, P = 1.6427840699544258e-29
2021-03-12 19:35:33.551247 | 	DMS-DeepSequence:
2021-03-12 19:35:33.553141 | 		Spearman r = -0.39935197001268213, P = 2.970528636274949e-46
2021-03-12 20:33:29.356872 | Results for data/dms/dms_env.csv:
2021-03-12 20:33:29.356985 | 	DMS-esm1b:
2021-03-12 20:33:29.370446 | 		Spearman r = 0.2272539325101877, P = 2.5333673461889216e-150
2021-03-12 20:33:29.370459 | 	DMS-DeepSequence:
2021-03-12 20:33:29.382696 | 		Spearman r = 0.1364977788639145, P = 1.536058038113284e-54
2021-03-12 21:29:43.523904 | Results for data/dms/dms_gal4.csv:
2021-03-12 21:29:43.594294 | 	DMS_nonsel_24-esm1b:
2021-03-12 21:29:44.336651 | 		Spearman r = -0.3954970829208451, P = 4.594996941953927e-46
2021-03-12 21:29:44.336688 | 	DMS_nonsel_24-DeepSequence:
2021-03-12 21:29:44.342037 | 		Spearman r = -0.3979461745420211, P = 1.1526528473140733e-46
2021-03-12 21:29:44.342066 | 	DMS_selA_24-esm1b:
2021-03-12 21:29:44.346066 | 		Spearman r = 0.6021526297236494, P = 6.636979147007923e-119
2021-03-12 21:29:44.346078 | 	DMS_selA_24-DeepSequence:
2021-03-12 21:29:44.348314 | 		Spearman r = 0.5077841116273563, P = 2.197956283330219e-79
2021-03-12 21:29:44.348327 | 	DMS_selA_40-esm1b:
2021-03-12 21:29:44.350947 | 		Spearman r = 0.5967951813034778, P = 2.6637849907712347e-116
2021-03-12 21:29:44.350959 | 	DMS_selA_40-DeepSequence:
2021-03-12 21:29:44.353233 | 		Spearman r = 0.4989766996660709, P = 2.684745377616402e-76
2021-03-12 21:29:44.353246 | 	DMS_selB_40-esm1b:
2021-03-12 21:29:44.355598 | 		Spearman r = 0.5853487624876157, P = 6.706335605087413e-111
2021-03-12 21:29:44.355609 | 	DMS_selB_40-DeepSequence:
2021-03-12 21:29:44.357925 | 		Spearman r = 0.5227932922761602, P = 7.38773187763028e-85
2021-03-12 21:29:44.357937 | 	DMS_selC_40-esm1b:
2021-03-12 21:29:44.360276 | 		Spearman r = 0.5762667197798632, P = 9.145302069425205e-107
2021-03-12 21:29:44.360287 | 	DMS_selC_40-DeepSequence:
2021-03-12 21:29:44.362555 | 		Spearman r = 0.5244389442358764, P = 1.7846031315575084e-85
2021-03-12 21:29:44.362568 | 	DMS_selC_64-esm1b:
2021-03-12 21:29:44.364847 | 		Spearman r = 0.5517083524781503, P = 3.2820582880648614e-96
2021-03-12 21:29:44.364858 | 	DMS_selC_64-DeepSequence:
2021-03-12 21:29:44.367091 | 		Spearman r = 0.494098640620667, P = 1.2593633517964003e-74
2021-03-12 21:32:03.763207 | Results for data/dms/dms_gmr.csv:
2021-03-12 21:32:03.763320 | 	DMS_37C-esm1b:
2021-03-12 21:32:03.766166 | 		Spearman r = 0.2641519141608197, P = 3.703630135783278e-32
2021-03-12 21:32:03.766180 | 	DMS_37C-DeepSequence:
2021-03-12 21:32:03.768208 | 		Spearman r = 0.5518404077970945, P = 3.578146801608473e-154
2021-03-12 21:32:03.768222 | 	DMS_30C-esm1b:
2021-03-12 21:32:03.770190 | 		Spearman r = 0.23465733584245102, P = 5.947209986999091e-24
2021-03-12 21:32:03.770202 | 	DMS_30C-DeepSequence:
2021-03-12 21:32:03.772114 | 		Spearman r = 0.502111208669019, P = 1.221594736391909e-115
2021-03-12 21:32:03.772127 | 	DMS_42C-esm1b:
2021-03-12 21:32:03.773941 | 		Spearman r = 0.18744033860547538, P = 5.359545884682432e-12
2021-03-12 21:32:03.773953 | 	DMS_42C-DeepSequence:
2021-03-12 21:32:03.775709 | 		Spearman r = 0.488492283294406, P = 8.18894092756872e-81
2021-03-12 21:32:03.775722 | 	DMS_37C_TMAO-esm1b:
2021-03-12 21:32:03.777800 | 		Spearman r = 0.2560155170568497, P = 9.678659425274974e-30
2021-03-12 21:32:03.777812 | 	DMS_37C_TMAO-DeepSequence:
2021-03-12 21:32:03.779833 | 		Spearman r = 0.5354602416459431, P = 4.4257688340098606e-141
2021-03-12 21:32:03.779846 | 	DMS_37C_glycerol-esm1b:
2021-03-12 21:32:03.781943 | 		Spearman r = 0.24061306519003084, P = 1.961129535626483e-27
2021-03-12 21:32:03.781955 | 	DMS_37C_glycerol-DeepSequence:
2021-03-12 21:32:03.784001 | 		Spearman r = 0.441954874963, P = 2.5618231516091494e-95
2021-03-12 21:32:03.784014 | 	DMS_42C_TMAO-esm1b:
2021-03-12 21:32:03.785816 | 		Spearman r = 0.17906556306072619, P = 3.5708697036167628e-12
2021-03-12 21:32:03.785828 | 	DMS_42C_TMAO-DeepSequence:
2021-03-12 21:32:03.787587 | 		Spearman r = 0.49225575207087474, P = 1.5971627054010774e-91
2021-03-12 21:32:03.787600 | 	DMS_42C_glycerol-esm1b:
2021-03-12 21:32:03.789615 | 		Spearman r = 0.24915953240445138, P = 3.4604592907451486e-26
2021-03-12 21:32:03.789627 | 	DMS_42C_glycerol-DeepSequence:
2021-03-12 21:32:03.791587 | 		Spearman r = 0.5455617274538593, P = 2.295479656878454e-136
2021-03-12 21:32:03.791600 | 	DMS_37C_Gm_25mug/mL-esm1b:
2021-03-12 21:32:03.793528 | 		Spearman r = 0.23116041222616127, P = 3.5461337411146575e-22
2021-03-12 21:32:03.793540 | 	DMS_37C_Gm_25mug/mL-DeepSequence:
2021-03-12 21:32:03.795427 | 		Spearman r = 0.5528862800178228, P = 1.708655638819014e-137
2021-03-12 21:32:03.795440 | 	DMS_37C_TMAO_Gm_25mug/mL-esm1b:
2021-03-12 21:32:03.797357 | 		Spearman r = 0.20302442938196127, P = 3.601404841334802e-16
2021-03-12 21:32:03.797369 | 	DMS_37C_TMAO_Gm_25mug/mL-DeepSequence:
2021-03-12 21:32:03.799255 | 		Spearman r = 0.5244747022716602, P = 1.9241006857494792e-112
2021-03-12 21:32:03.799268 | 	DMS_37C_glycerol_Gm_25mug/mL-esm1b:
2021-03-12 21:32:03.801304 | 		Spearman r = 0.2586144137201016, P = 4.967532105786544e-31
2021-03-12 21:32:03.801322 | 	DMS_37C_glycerol_Gm_25mug/mL-DeepSequence:
2021-03-12 21:32:03.803331 | 		Spearman r = 0.5000288046295195, P = 2.5951041350811585e-123
2021-03-12 21:52:08.225714 | Results for data/dms/dms_ha_h1.csv:
2021-03-12 21:52:08.225831 | 	DMS-esm1b:
2021-03-12 21:52:08.237045 | 		Spearman r = 0.006831785895297408, P = 0.4794798872425735
2021-03-12 21:52:08.237060 | 	DMS-DeepSequence:
2021-03-12 21:52:08.247097 | 		Spearman r = 0.2715379436470719, P = 6.164522169310343e-178
2021-03-12 22:12:17.315956 | Results for data/dms/dms_ha_h3.csv:
2021-03-12 22:12:17.316068 | 	DMS-esm1b:
2021-03-12 22:12:17.330744 | 		Spearman r = -0.03979000000675215, P = 3.6682843840178484e-05
2021-03-12 22:12:17.330769 | 	DMS-DeepSequence:
2021-03-12 22:12:17.334459 | 		Spearman r = 0.26174259024142765, P = 5.912845139255462e-168
2021-03-12 22:19:09.282106 | Results for data/dms/dms_haeiiim.csv:
2021-03-12 22:19:09.282219 | 	DMS_G3-esm1b:
2021-03-12 22:19:09.289081 | 		Spearman r = 0.42983149784919794, P = 1.4165229749349164e-87
2021-03-12 22:19:09.289094 | 	DMS_G3-DeepSequence:
2021-03-12 22:19:09.295085 | 		Spearman r = 0.6414985237097386, P = 3.874119314799191e-224
2021-03-12 22:19:09.295099 | 	DMS_G7-esm1b:
2021-03-12 22:19:09.301065 | 		Spearman r = 0.3743257285880438, P = 3.2795166017861567e-65
2021-03-12 22:19:09.301078 | 	DMS_G7-DeepSequence:
2021-03-12 22:19:09.307006 | 		Spearman r = 0.5683852644380207, P = 1.731039854018041e-165
2021-03-12 22:19:09.307019 | 	DMS_G17-esm1b:
2021-03-12 22:19:09.312933 | 		Spearman r = 0.4551141395246057, P = 3.035073580121956e-99
2021-03-12 22:19:09.312945 | 	DMS_G17-DeepSequence:
2021-03-12 22:19:09.318790 | 		Spearman r = 0.6535582129318239, P = 2.1125151804510994e-235
2021-03-12 22:21:38.609909 | Results for data/dms/dms_hras.csv:
2021-03-12 22:21:38.610017 | 	DMS_regulated-esm1b:
2021-03-12 22:21:38.614373 | 		Spearman r = 0.36274276899517155, P = 4.0912902475523614e-98
2021-03-12 22:21:38.614386 | 	DMS_regulated-DeepSequence:
2021-03-12 22:21:38.617913 | 		Spearman r = 0.44617562240983905, P = 3.0371217251659067e-153
2021-03-12 22:21:38.617927 | 	DMS_attenuated-esm1b:
2021-03-12 22:21:38.620324 | 		Spearman r = 0.12468040485935417, P = 2.4600643101407932e-12
2021-03-12 22:21:38.620336 | 	DMS_attenuated-DeepSequence:
2021-03-12 22:21:38.622684 | 		Spearman r = 0.09480690806259634, P = 1.0479560428403852e-07
2021-03-12 22:21:38.622697 | 	DMS_unregulated-esm1b:
2021-03-12 22:21:38.625092 | 		Spearman r = 0.33744030589032775, P = 2.412670423440351e-84
2021-03-12 22:21:38.625104 | 	DMS_unregulated-DeepSequence:
2021-03-12 22:21:38.627436 | 		Spearman r = 0.4485160951477809, P = 5.0024730346647555e-155
2021-03-12 22:21:38.627449 | 	DMS_g12v-esm1b:
2021-03-12 22:21:38.629877 | 		Spearman r = 0.3497178062419292, P = 7.226201924332676e-91
2021-03-12 22:21:38.629889 | 	DMS_g12v-DeepSequence:
2021-03-12 22:21:38.632276 | 		Spearman r = 0.4438699613185293, P = 1.6811402510481535e-151
2021-03-12 22:58:57.841229 | Results for data/dms/dms_hsp82.csv:
2021-03-12 22:58:57.882242 | 	DMS-esm1b:
2021-03-12 22:58:58.625442 | 		Spearman r = 0.4634698830521854, P = 2.584364322992875e-229
2021-03-12 22:58:58.625474 | 	DMS-DeepSequence:
2021-03-12 22:58:58.633463 | 		Spearman r = 0.4941006193275128, P = 4.431885852908027e-265
2021-03-12 22:59:33.300323 | Results for data/dms/dms_infa.csv:
2021-03-12 22:59:33.300380 | 	DMS_min-esm1b:
2021-03-12 22:59:33.308880 | 		Spearman r = 0.4208192401563335, P = 7.845950399878296e-60
2021-03-12 22:59:33.308894 | 	DMS_min-DeepSequence:
2021-03-12 22:59:33.309631 | 		Spearman r = 0.5307814630161093, P = 2.840276824489343e-100
2021-03-12 22:59:33.309644 | 	DMS_rich-esm1b:
2021-03-12 22:59:33.310522 | 		Spearman r = 0.4208192401563335, P = 7.845950399878296e-60
2021-03-12 22:59:33.310540 | 	DMS_rich-DeepSequence:
2021-03-12 22:59:33.311578 | 		Spearman r = 0.5307814630161093, P = 2.840276824489343e-100
2021-03-12 23:07:18.113967 | Results for data/dms/dms_mapk1.csv:
2021-03-12 23:07:18.114083 | 	DMS_DOX-esm1b:
2021-03-12 23:07:18.118971 | 		Spearman r = -0.373504969562609, P = 1.9699699099466527e-224
2021-03-12 23:07:18.118990 | 	DMS_DOX-DeepSequence:
2021-03-12 23:07:18.140462 | 		Spearman r = -0.524514722370891, P = 0.0
2021-03-12 23:07:18.140484 | 	DMS_SCH-esm1b:
2021-03-12 23:07:18.156632 | 		Spearman r = 0.1327464226169571, P = 3.76650777226928e-28
2021-03-12 23:07:18.156644 | 	DMS_SCH-DeepSequence:
2021-03-12 23:07:18.163846 | 		Spearman r = 0.08739474498220408, P = 5.027470327273498e-13
2021-03-12 23:07:18.163859 | 	DMS_VRT-esm1b:
2021-03-12 23:07:18.167907 | 		Spearman r = 0.19428791686892685, P = 6.468816867288706e-59
2021-03-12 23:07:18.167920 | 	DMS_VRT-DeepSequence:
2021-03-12 23:07:18.171770 | 		Spearman r = 0.19226655810441598, P = 1.0358117677458512e-57
2021-03-12 23:17:55.027654 | Results for data/dms/dms_p53.csv:
2021-03-12 23:17:55.061413 | 	DMS_WT_Nutlin-esm1b:
2021-03-12 23:17:55.441025 | 		Spearman r = -0.5383843977676436, P = 0.0
2021-03-12 23:17:55.441060 | 	DMS_WT_Nutlin-DeepSequence:
2021-03-12 23:17:55.448395 | 		Spearman r = -0.3964885512825907, P = 6.819476268696585e-279
2021-03-12 23:17:55.448415 | 	DMS_null_Nutlin-esm1b:
2021-03-12 23:17:55.454495 | 		Spearman r = -0.483120621788006, P = 0.0
2021-03-12 23:17:55.454507 | 	DMS_null_Nutlin-DeepSequence:
2021-03-12 23:17:55.458669 | 		Spearman r = -0.32184512921424985, P = 4.472343172720859e-179
2021-03-12 23:17:55.458682 | 	DMS_null_etoposide-esm1b:
2021-03-12 23:17:55.462950 | 		Spearman r = 0.4662117127112948, P = 0.0
2021-03-12 23:17:55.462963 | 	DMS_null_etoposide-DeepSequence:
2021-03-12 23:17:55.467113 | 		Spearman r = 0.39916046455733617, P = 5.587358101232554e-283
2021-03-14 18:26:56.818856 | Results for data/dms/dms_pa.csv:
2021-03-14 18:26:56.821223 | 	DMS-esm1b:
2021-03-14 18:26:56.826021 | 		Spearman r = 0.06729336828823616, P = 0.004108023358839157
2021-03-14 18:26:56.826042 | 	DMS-DeepSequence:
2021-03-14 18:26:56.826471 | 		No DeepSequence results
2021-03-14 18:48:43.087324 | Results for data/dms/dms_pab1.csv:
2021-03-14 18:48:43.088302 | 	DMS-esm1b:
2021-03-14 18:48:43.091402 | 		Spearman r = 0.5534424865670067, P = 3.2797864227792347e-96
2021-03-14 18:48:43.091415 | 	DMS-DeepSequence:
2021-03-14 18:48:43.093901 | 		Spearman r = 0.646482582897206, P = 1.9835289912584704e-141
2021-03-14 18:59:48.015704 | Results for data/dms/dms_pten.csv:
2021-03-14 18:59:48.158570 | 	DMS_(a)-esm1b:
2021-03-14 18:59:48.739820 | 		Spearman r = 0.4761378462978433, P = 9.198046639956194e-232
2021-03-14 18:59:48.739857 | 	DMS_(a)-DeepSequence:
2021-03-14 18:59:48.767974 | 		Spearman r = 0.4138912237146598, P = 5.994125076026103e-170
2021-03-14 18:59:48.768005 | 	DMS_(b)-esm1b:
2021-03-14 18:59:48.774531 | 		Spearman r = 0.48367075310876645, P = 0.0
2021-03-14 18:59:48.774544 | 	DMS_(b)-DeepSequence:
2021-03-14 18:59:48.779433 | 		Spearman r = 0.5104705911027728, P = 0.0
2021-03-14 18:59:48.779447 | 	DMS_highqual_(b)-esm1b:
2021-03-14 18:59:48.783328 | 		Spearman r = 0.5260012052540839, P = 0.0
2021-03-14 18:59:48.783341 | 	DMS_highqual_(b)-DeepSequence:
2021-03-14 18:59:48.804174 | 		Spearman r = 0.5559132663038404, P = 0.0
2021-03-14 19:00:47.710240 | Results for data/dms/dms_sumo1.csv:
2021-03-14 19:00:47.711109 | 	DMS-esm1b:
2021-03-14 19:00:47.713822 | 		Spearman r = 0.3157885896276414, P = 1.1241442989969585e-40
2021-03-14 19:00:47.713836 | 	DMS-DeepSequence:
2021-03-14 19:00:47.715907 | 		Spearman r = 0.5337810656274805, P = 8.032294451579581e-126
2021-03-14 19:00:47.715920 | 	DMS_flipped-esm1b:
2021-03-14 19:00:47.717719 | 		Spearman r = 0.31668451584849927, P = 6.568359153027196e-41
2021-03-14 19:00:47.717731 | 	DMS_flipped-DeepSequence:
2021-03-14 19:00:47.719590 | 		Spearman r = 0.5362040259610918, P = 3.6615327903771633e-127
2021-03-14 19:04:56.037741 | Results for data/dms/dms_tpk1.csv:
2021-03-14 19:04:56.038577 | 	DMS-esm1b:
2021-03-14 19:04:56.042202 | 		Spearman r = 0.27265247383642754, P = 2.4467581517281284e-55
2021-03-14 19:04:56.042216 | 	DMS-DeepSequence:
2021-03-14 19:04:56.045258 | 		Spearman r = 0.24280099811590772, P = 6.59230518635381e-44
2021-03-14 19:04:56.045272 | 	DMS_flipped-esm1b:
2021-03-14 19:04:56.048041 | 		Spearman r = 0.287941989304923, P = 8.776512213990713e-62
2021-03-14 19:04:56.048058 | 	DMS_flipped-DeepSequence:
2021-03-14 19:04:56.050890 | 		Spearman r = 0.2564580220213769, P = 5.9652162548650945e-49
2021-03-14 19:09:07.345211 | Results for data/dms/dms_tpmt.csv:
2021-03-14 19:09:07.346005 | 	DMS-esm1b:
2021-03-14 19:09:07.349646 | 		Spearman r = 0.4725121311131753, P = 1.4421159428018087e-204
2021-03-14 19:09:07.349659 | 	DMS-DeepSequence:
2021-03-14 19:09:07.352619 | 		Spearman r = 0.4834839985341243, P = 1.835353754713478e-215
2021-03-14 19:11:04.848689 | Results for data/dms/dms_ube2i.csv:
2021-03-14 19:11:04.849472 | 	DMS-esm1b:
2021-03-14 19:11:04.852615 | 		Spearman r = 0.4263867568406454, P = 9.546331130764871e-114
2021-03-14 19:11:04.852628 | 	DMS-DeepSequence:
2021-03-14 19:11:04.855134 | 		Spearman r = 0.5032009533628997, P = 1.3342316719484786e-164
2021-03-14 19:11:04.855164 | 	DMS_flipped-esm1b:
2021-03-14 19:11:04.857474 | 		Spearman r = 0.4446982138329051, P = 1.030480784548674e-124
2021-03-14 19:11:04.857486 | 	DMS_flipped-DeepSequence:
2021-03-14 19:11:04.859782 | 		Spearman r = 0.5234873675079789, P = 2.3866498382839045e-180
2021-03-14 19:19:35.264744 | Results for data/dms/dms_ubi4.csv:
2021-03-14 19:19:35.270241 | 	DMS_(a)-esm1b:
2021-03-14 19:19:35.274165 | 		Spearman r = 0.1410180933635024, P = 9.870809481016613e-07
2021-03-14 19:19:35.274184 | 	DMS_(a)-DeepSequence:
2021-03-14 19:19:35.277410 | 		Spearman r = 0.07270297274986905, P = 0.011938746759664305
2021-03-14 19:19:35.277431 | 	DMS_excess_(a)-esm1b:
2021-03-14 19:19:35.279862 | 		Spearman r = -0.010811740592188342, P = 0.8430130907790758
2021-03-14 19:19:35.279881 | 	DMS_excess_(a)-DeepSequence:
2021-03-14 19:19:35.281676 | 		Spearman r = 0.010365479127409668, P = 0.8494140150138807
2021-03-14 19:19:35.281690 | 	DMS_limiting_(b)-esm1b:
2021-03-14 19:19:35.283630 | 		Spearman r = 0.12474707700206321, P = 3.3498043920854033e-06
2021-03-14 19:19:35.283642 | 	DMS_limiting_(b)-DeepSequence:
2021-03-14 19:19:35.285621 | 		Spearman r = 0.1527675569083452, P = 1.1742149691927832e-08
