2021-03-12 15:50:08.184402 | Results for data/dms/dms_adrb2.csv:
2021-03-12 15:50:08.184476 | 	DMS_0-tape:
2021-03-12 15:50:08.189636 | 		Spearman r = 0.2032845866266278, P = 1.527602652591189e-73
2021-03-12 15:50:08.189650 | 	DMS_0-DeepSequence:
2021-03-12 15:50:08.193989 | 		Spearman r = 0.391597764414569, P = 3.0389597487856813e-284
2021-03-12 15:50:08.194003 | 	DMS_0.15-tape:
2021-03-12 15:50:08.198459 | 		Spearman r = 0.2375852915351548, P = 1.5610021574054106e-100
2021-03-12 15:50:08.198471 | 	DMS_0.15-DeepSequence:
2021-03-12 15:50:08.202753 | 		Spearman r = 0.46271604889914103, P = 0.0
2021-03-12 15:50:08.202766 | 	DMS_0.625-tape:
2021-03-12 15:50:08.207188 | 		Spearman r = 0.26470129065362336, P = 3.3564178106503775e-125
2021-03-12 15:50:08.207200 | 	DMS_0.625-DeepSequence:
2021-03-12 15:50:08.211436 | 		Spearman r = 0.5219299153708199, P = 0.0
2021-03-12 15:50:08.211449 | 	DMS_5-tape:
2021-03-12 15:50:08.215945 | 		Spearman r = 0.2653010441266649, P = 5.694745103070222e-126
2021-03-12 15:50:08.215957 | 	DMS_5-DeepSequence:
2021-03-12 15:50:08.220243 | 		Spearman r = 0.446730164694329, P = 0.0
2021-03-12 15:51:49.231783 | Results for data/dms/dms_bla.csv:
2021-03-12 15:51:49.231887 | 	DMS_(a)-tape:
2021-03-12 15:51:49.234236 | 		Spearman r = 0.12906315476978286, P = 0.29791837159355805
2021-03-12 15:51:49.234251 | 	DMS_(a)-DeepSequence:
2021-03-12 15:51:49.235749 | 		Spearman r = -0.31834780012324, P = 0.008653765888684831
2021-03-12 15:51:49.235763 | 	DMS_amp_0_(b)-tape:
2021-03-12 15:51:49.238944 | 		Spearman r = 0.048843408431956906, P = 0.0005661440376778521
2021-03-12 15:51:49.238957 | 	DMS_amp_0_(b)-DeepSequence:
2021-03-12 15:51:49.242064 | 		Spearman r = 0.1495877145087174, P = 2.64173825911884e-26
2021-03-12 15:51:49.242077 | 	DMS_amp_10_(b)-tape:
2021-03-12 15:51:49.246075 | 		Spearman r = 0.0004800803703593764, P = 0.9732971211363335
2021-03-12 15:51:49.246088 | 	DMS_amp_10_(b)-DeepSequence:
2021-03-12 15:51:49.250003 | 		Spearman r = 0.09991812464665394, P = 2.8644213540126883e-12
2021-03-12 15:51:49.250016 | 	DMS_amp_39_(b)-tape:
2021-03-12 15:51:49.253215 | 		Spearman r = 0.04559911460961894, P = 0.0012903883344428184
2021-03-12 15:51:49.253227 | 	DMS_amp_39_(b)-DeepSequence:
2021-03-12 15:51:49.256369 | 		Spearman r = 0.27085003986887574, P = 1.9707351833712756e-84
2021-03-12 15:51:49.256381 | 	DMS_amp_156_(b)-tape:
2021-03-12 15:51:49.259528 | 		Spearman r = 0.054601496297850494, P = 0.00011605491171193794
2021-03-12 15:51:49.259540 | 	DMS_amp_156_(b)-DeepSequence:
2021-03-12 15:51:49.262644 | 		Spearman r = 0.4383963273209944, P = 6.234549196213311e-233
2021-03-12 15:51:49.262657 | 	DMS_amp_625_(b)-tape:
2021-03-12 15:51:49.265794 | 		Spearman r = 0.08533313443745069, P = 1.6379381326257636e-09
2021-03-12 15:51:49.265805 | 	DMS_amp_625_(b)-DeepSequence:
2021-03-12 15:51:49.268870 | 		Spearman r = 0.616494865136829, P = 0.0
2021-03-12 15:51:49.268883 | 	DMS_amp_2500_(b)-tape:
2021-03-12 15:51:49.272068 | 		Spearman r = 0.12206622599896468, P = 5.4972951158462086e-18
2021-03-12 15:51:49.272080 | 	DMS_amp_2500_(b)-DeepSequence:
2021-03-12 15:51:49.275216 | 		Spearman r = 0.7532877726948102, P = 0.0
2021-03-12 15:51:49.275232 | 	DMS_cefo_0.2_(b)-tape:
2021-03-12 15:51:49.278350 | 		Spearman r = -0.06977367529307517, P = 8.322562218856437e-07
2021-03-12 15:51:49.278362 | 	DMS_cefo_0.2_(b)-DeepSequence:
2021-03-12 15:51:49.281422 | 		Spearman r = -0.06479001941522407, P = 4.764129280720241e-06
2021-03-12 15:51:49.281435 | 	DMS_M182T_(c)-tape:
2021-03-12 15:51:49.283112 | 		Spearman r = 0.07288405652690443, P = 0.30876310793893114
2021-03-12 15:51:49.283124 | 	DMS_M182T_(c)-DeepSequence:
2021-03-12 15:51:49.284755 | 		Spearman r = 0.41229452706345804, P = 1.7449137506975667e-09
2021-03-12 15:51:49.284767 | 	DMS_WT_(c)-tape:
2021-03-12 15:51:49.287778 | 		Spearman r = 0.09819047262157708, P = 0.001981007377798669
2021-03-12 15:51:49.287790 | 	DMS_WT_(c)-DeepSequence:
2021-03-12 15:51:49.290761 | 		Spearman r = 0.7326302087327433, P = 2.8404642983707466e-167
2021-03-12 15:51:49.290774 | 	DMS_(d)-tape:
2021-03-12 15:51:49.310440 | 		Spearman r = -0.24551476492612928, P = 1.6896357563297256e-69
2021-03-12 15:51:49.310458 | 	DMS_(d)-DeepSequence:
2021-03-12 15:51:49.330207 | 		Spearman r = -0.7162613994222705, P = 0.0
2021-03-12 18:43:34.543513 | Results for data/dms/dms_brca1.csv:
2021-03-12 18:43:34.601122 | 	DMS_Y2H_all_(a)-tape:
2021-03-12 18:43:35.402361 | 		Spearman r = -0.015373822906974718, P = 0.5206500401748948
2021-03-12 18:43:35.402411 | 	DMS_Y2H_all_(a)-DeepSequence:
2021-03-12 18:43:35.413948 | 		Spearman r = 0.1458854650028293, P = 8.911061897810844e-10
2021-03-12 18:43:35.413981 | 	DMS_E3_all_(a)-tape:
2021-03-12 18:43:35.421807 | 		Spearman r = 0.09546322415654078, P = 2.6187384324133842e-11
2021-03-12 18:43:35.421826 | 	DMS_E3_all_(a)-DeepSequence:
2021-03-12 18:43:35.427530 | 		Spearman r = 0.19199852455767094, P = 1.4980559661463966e-41
2021-03-12 18:43:35.427544 | 	DMS_Y2H_high_(a)-tape:
2021-03-12 18:43:35.430764 | 		Spearman r = -0.004764319983260319, P = 0.8590404278852594
2021-03-12 18:43:35.430777 | 	DMS_Y2H_high_(a)-DeepSequence:
2021-03-12 18:43:35.434361 | 		Spearman r = 0.19708795755683434, P = 1.1752861690789232e-13
2021-03-12 18:43:35.434375 | 	DMS_E3_high_(a)-tape:
2021-03-12 18:43:35.448329 | 		Spearman r = 0.12855208253080927, P = 1.717390530741187e-12
2021-03-12 18:43:35.448352 | 	DMS_E3_high_(a)-DeepSequence:
2021-03-12 18:43:35.454199 | 		Spearman r = 0.2867304570386528, P = 1.0979344439677105e-57
2021-03-12 18:43:35.454212 | 	DMS_(b)-tape:
2021-03-12 18:43:35.457638 | 		Spearman r = -0.005456625866002338, P = 0.8152063715183948
2021-03-12 18:43:35.457651 | 	DMS_(b)-DeepSequence:
2021-03-12 18:43:35.461014 | 		Spearman r = 0.4047869009745998, P = 4.423167824654717e-24
2021-03-12 18:44:21.506521 | Results for data/dms/dms_calm1.csv:
2021-03-12 18:44:21.506644 | 	DMS-tape:
2021-03-12 18:44:21.509741 | 		Spearman r = 0.14116342509631433, P = 1.5724755846847342e-09
2021-03-12 18:44:21.509755 | 	DMS-DeepSequence:
2021-03-12 18:44:21.512048 | 		Spearman r = 0.2330033047345174, P = 8.914752022358896e-24
2021-03-12 18:44:21.512062 | 	DMS_flipped-tape:
2021-03-12 18:44:21.514335 | 		Spearman r = 0.1837588863787141, P = 3.1157693559656595e-15
2021-03-12 18:44:21.514347 | 	DMS_flipped-DeepSequence:
2021-03-12 18:44:21.516592 | 		Spearman r = 0.3062765620647369, P = 1.1183901491415715e-40
2021-03-12 19:51:37.225038 | Results for data/dms/dms_cas9.csv:
2021-03-12 19:51:37.228040 | 	DMS_positive-tape:
2021-03-12 19:51:37.412338 | 		Spearman r = 0.013428066105036005, P = 0.5151941820882274
2021-03-12 19:51:37.412374 | 	DMS_positive-DeepSequence:
2021-03-12 19:51:37.421103 | 		Spearman r = 0.22851529628747885, P = 3.1452919781422375e-29
2021-03-12 19:51:37.421133 | 	DMS_negative-tape:
2021-03-12 19:51:37.425378 | 		Spearman r = -0.0017998143087917923, P = 0.930495483814439
2021-03-12 19:51:37.425390 | 	DMS_negative-DeepSequence:
2021-03-12 19:51:37.428606 | 		Spearman r = 0.004848793568882744, P = 0.8142239894810064
2021-03-12 19:52:07.210476 | Results for data/dms/dms_ccdb.csv:
2021-03-12 19:52:07.210527 | 	DMS-tape:
2021-03-12 19:52:07.212758 | 		Spearman r = 0.03841389358920709, P = 0.18803743673704723
2021-03-12 19:52:07.212772 | 	DMS-DeepSequence:
2021-03-12 19:52:07.214677 | 		Spearman r = -0.39935197001268213, P = 2.970528636274949e-46
2021-03-12 20:11:03.634977 | Results for data/dms/dms_env.csv:
2021-03-12 20:11:03.635043 | 	DMS-tape:
2021-03-12 20:11:03.647949 | 		Spearman r = -0.009493047850815815, P = 0.2816700766963991
2021-03-12 20:11:03.647964 | 	DMS-DeepSequence:
2021-03-12 20:11:03.660361 | 		Spearman r = 0.1364977788639145, P = 1.536058038113284e-54
2021-03-12 20:30:59.709280 | Results for data/dms/dms_gal4.csv:
2021-03-12 20:30:59.709350 | 	DMS_nonsel_24-tape:
2021-03-12 20:30:59.712171 | 		Spearman r = 0.13846766199724272, P = 1.533464149426537e-06
2021-03-12 20:30:59.712184 | 	DMS_nonsel_24-DeepSequence:
2021-03-12 20:30:59.714525 | 		Spearman r = -0.3979461745420211, P = 1.1526528473140733e-46
2021-03-12 20:30:59.714539 | 	DMS_selA_24-tape:
2021-03-12 20:30:59.729151 | 		Spearman r = -0.09553936898612943, P = 0.0009390606210724916
2021-03-12 20:30:59.729184 | 	DMS_selA_24-DeepSequence:
2021-03-12 20:30:59.733370 | 		Spearman r = 0.5077841116273563, P = 2.197956283330219e-79
2021-03-12 20:30:59.733383 | 	DMS_selA_40-tape:
2021-03-12 20:30:59.735709 | 		Spearman r = -0.094348905947577, P = 0.001087828756169173
2021-03-12 20:30:59.735722 | 	DMS_selA_40-DeepSequence:
2021-03-12 20:30:59.737975 | 		Spearman r = 0.4989766996660709, P = 2.684745377616402e-76
2021-03-12 20:30:59.737988 | 	DMS_selB_40-tape:
2021-03-12 20:30:59.740350 | 		Spearman r = -0.11369030079182753, P = 8.132918607221386e-05
2021-03-12 20:30:59.740362 | 	DMS_selB_40-DeepSequence:
2021-03-12 20:30:59.742721 | 		Spearman r = 0.5227932922761602, P = 7.38773187763028e-85
2021-03-12 20:30:59.742734 | 	DMS_selC_40-tape:
2021-03-12 20:30:59.745094 | 		Spearman r = -0.10702926504179254, P = 0.0002087347499559177
2021-03-12 20:30:59.745106 | 	DMS_selC_40-DeepSequence:
2021-03-12 20:30:59.747398 | 		Spearman r = 0.5244389442358764, P = 1.7846031315575084e-85
2021-03-12 20:30:59.747411 | 	DMS_selC_64-tape:
2021-03-12 20:30:59.749692 | 		Spearman r = -0.08448549621629675, P = 0.003456143239333735
2021-03-12 20:30:59.749704 | 	DMS_selC_64-DeepSequence:
2021-03-12 20:30:59.751945 | 		Spearman r = 0.494098640620667, P = 1.2593633517964003e-74
2021-03-12 20:31:55.298987 | Results for data/dms/dms_gmr.csv:
2021-03-12 20:31:55.299092 | 	DMS_37C-tape:
2021-03-12 20:31:55.301957 | 		Spearman r = 0.17267204841237216, P = 2.234963951187687e-14
2021-03-12 20:31:55.301971 | 	DMS_37C-DeepSequence:
2021-03-12 20:31:55.304046 | 		Spearman r = 0.5518404077970945, P = 3.578146801608473e-154
2021-03-12 20:31:55.304060 | 	DMS_30C-tape:
2021-03-12 20:31:55.306059 | 		Spearman r = 0.1492223778693787, P = 1.9657539377758506e-10
2021-03-12 20:31:55.306071 | 	DMS_30C-DeepSequence:
2021-03-12 20:31:55.308010 | 		Spearman r = 0.502111208669019, P = 1.221594736391909e-115
2021-03-12 20:31:55.308023 | 	DMS_42C-tape:
2021-03-12 20:31:55.309852 | 		Spearman r = 0.12628082412794703, P = 3.782135644104369e-06
2021-03-12 20:31:55.309864 | 	DMS_42C-DeepSequence:
2021-03-12 20:31:55.311657 | 		Spearman r = 0.488492283294406, P = 8.18894092756872e-81
2021-03-12 20:31:55.311670 | 	DMS_37C_TMAO-tape:
2021-03-12 20:31:55.313781 | 		Spearman r = 0.16289457108337516, P = 9.743610945684138e-13
2021-03-12 20:31:55.313795 | 	DMS_37C_TMAO-DeepSequence:
2021-03-12 20:31:55.315844 | 		Spearman r = 0.5354602416459431, P = 4.4257688340098606e-141
2021-03-12 20:31:55.315857 | 	DMS_37C_glycerol-tape:
2021-03-12 20:31:55.317974 | 		Spearman r = 0.10771153599509588, P = 1.5853092357959618e-06
2021-03-12 20:31:55.317987 | 	DMS_37C_glycerol-DeepSequence:
2021-03-12 20:31:55.320049 | 		Spearman r = 0.441954874963, P = 2.5618231516091494e-95
2021-03-12 20:31:55.320062 | 	DMS_42C_TMAO-tape:
2021-03-12 20:31:55.321889 | 		Spearman r = 0.15058358916108583, P = 5.437327919481325e-09
2021-03-12 20:31:55.321901 | 	DMS_42C_TMAO-DeepSequence:
2021-03-12 20:31:55.323694 | 		Spearman r = 0.49225575207087474, P = 1.5971627054010774e-91
2021-03-12 20:31:55.323709 | 	DMS_42C_glycerol-tape:
2021-03-12 20:31:55.325740 | 		Spearman r = 0.2000092251450542, P = 2.940393919314861e-17
2021-03-12 20:31:55.325751 | 	DMS_42C_glycerol-DeepSequence:
2021-03-12 20:31:55.327727 | 		Spearman r = 0.5455617274538593, P = 2.295479656878454e-136
2021-03-12 20:31:55.327740 | 	DMS_37C_Gm_25mug/mL-tape:
2021-03-12 20:31:55.329681 | 		Spearman r = 0.17203647140060196, P = 7.931267431625084e-13
2021-03-12 20:31:55.329692 | 	DMS_37C_Gm_25mug/mL-DeepSequence:
2021-03-12 20:31:55.331596 | 		Spearman r = 0.5528862800178228, P = 1.708655638819014e-137
2021-03-12 20:31:55.331611 | 	DMS_37C_TMAO_Gm_25mug/mL-tape:
2021-03-12 20:31:55.333542 | 		Spearman r = 0.1251976387695432, P = 5.920115606905355e-07
2021-03-12 20:31:55.333554 | 	DMS_37C_TMAO_Gm_25mug/mL-DeepSequence:
2021-03-12 20:31:55.335456 | 		Spearman r = 0.5244747022716602, P = 1.9241006857494792e-112
2021-03-12 20:31:55.335469 | 	DMS_37C_glycerol_Gm_25mug/mL-tape:
2021-03-12 20:31:55.337526 | 		Spearman r = 0.13649749763365576, P = 1.5599094871630648e-09
2021-03-12 20:31:55.337544 | 	DMS_37C_glycerol_Gm_25mug/mL-DeepSequence:
2021-03-12 20:31:55.339573 | 		Spearman r = 0.5000288046295195, P = 2.5951041350811585e-123
2021-03-12 20:38:11.576222 | Results for data/dms/dms_ha_h1.csv:
2021-03-12 20:38:11.576291 | 	DMS-tape:
2021-03-12 20:38:11.587187 | 		Spearman r = 0.04489882433348279, P = 3.325082235409498e-06
2021-03-12 20:38:11.587202 | 	DMS-DeepSequence:
2021-03-12 20:38:11.597369 | 		Spearman r = 0.2715379436470719, P = 6.164522169310343e-178
2021-03-12 20:44:29.848914 | Results for data/dms/dms_ha_h3.csv:
2021-03-12 20:44:29.848982 | 	DMS-tape:
2021-03-12 20:44:29.899695 | 		Spearman r = 0.005990568835392918, P = 0.5344915245496096
2021-03-12 20:44:29.899725 | 	DMS-DeepSequence:
2021-03-12 20:44:29.904386 | 		Spearman r = 0.26174259024142765, P = 5.912845139255462e-168
2021-03-12 20:46:36.267171 | Results for data/dms/dms_haeiiim.csv:
2021-03-12 20:46:36.267287 | 	DMS_G3-tape:
2021-03-12 20:46:36.274203 | 		Spearman r = 0.24498042500995532, P = 9.304257919282743e-28
2021-03-12 20:46:36.274218 | 	DMS_G3-DeepSequence:
2021-03-12 20:46:36.280322 | 		Spearman r = 0.6414985237097386, P = 3.874119314799191e-224
2021-03-12 20:46:36.280335 | 	DMS_G7-tape:
2021-03-12 20:46:36.286426 | 		Spearman r = 0.1971056400153393, P = 2.389784887195575e-18
2021-03-12 20:46:36.286438 | 	DMS_G7-DeepSequence:
2021-03-12 20:46:36.292483 | 		Spearman r = 0.5683852644380207, P = 1.731039854018041e-165
2021-03-12 20:46:36.292496 | 	DMS_G17-tape:
2021-03-12 20:46:36.298508 | 		Spearman r = 0.2710203065954, P = 7.959518045613299e-34
2021-03-12 20:46:36.298520 | 	DMS_G17-DeepSequence:
2021-03-12 20:46:36.304468 | 		Spearman r = 0.6535582129318239, P = 2.1125151804510994e-235
2021-03-12 20:47:36.292980 | Results for data/dms/dms_hras.csv:
2021-03-12 20:47:36.293083 | 	DMS_regulated-tape:
2021-03-12 20:47:36.297442 | 		Spearman r = 0.33920506541961, P = 2.9030437061186834e-85
2021-03-12 20:47:36.297456 | 	DMS_regulated-DeepSequence:
2021-03-12 20:47:36.301031 | 		Spearman r = 0.44617562240983905, P = 3.0371217251659067e-153
2021-03-12 20:47:36.301044 | 	DMS_attenuated-tape:
2021-03-12 20:47:36.303444 | 		Spearman r = 0.057199744766319956, P = 0.0013552256819877912
2021-03-12 20:47:36.303457 | 	DMS_attenuated-DeepSequence:
2021-03-12 20:47:36.305808 | 		Spearman r = 0.09480690806259634, P = 1.0479560428403852e-07
2021-03-12 20:47:36.305822 | 	DMS_unregulated-tape:
2021-03-12 20:47:36.308195 | 		Spearman r = 0.34313452620187873, P = 2.4744668581803584e-87
2021-03-12 20:47:36.308207 | 	DMS_unregulated-DeepSequence:
2021-03-12 20:47:36.310550 | 		Spearman r = 0.4485160951477809, P = 5.0024730346647555e-155
2021-03-12 20:47:36.310569 | 	DMS_g12v-tape:
2021-03-12 20:47:36.313006 | 		Spearman r = 0.4247168432404402, P = 1.568932465970329e-137
2021-03-12 20:47:36.313018 | 	DMS_g12v-DeepSequence:
2021-03-12 20:47:36.315415 | 		Spearman r = 0.4438699613185293, P = 1.6811402510481535e-151
2021-03-12 20:59:22.574410 | Results for data/dms/dms_hsp82.csv:
2021-03-12 20:59:22.585282 | 	DMS-tape:
2021-03-12 20:59:22.891797 | 		Spearman r = -0.12123787293858959, P = 1.240178270302547e-15
2021-03-12 20:59:22.891829 | 	DMS-DeepSequence:
2021-03-12 20:59:22.900510 | 		Spearman r = 0.4941006193275128, P = 4.431885852908027e-265
2021-03-12 20:59:44.309782 | Results for data/dms/dms_infa.csv:
2021-03-12 20:59:44.309882 | 	DMS_min-tape:
2021-03-12 20:59:44.311236 | 		Spearman r = 0.2356797230262909, P = 1.0125160289824697e-18
2021-03-12 20:59:44.311250 | 	DMS_min-DeepSequence:
2021-03-12 20:59:44.311990 | 		Spearman r = 0.5307814630161093, P = 2.840276824489343e-100
2021-03-12 20:59:44.312002 | 	DMS_rich-tape:
2021-03-12 20:59:44.312725 | 		Spearman r = 0.2356797230262909, P = 1.0125160289824697e-18
2021-03-12 20:59:44.312737 | 	DMS_rich-DeepSequence:
2021-03-12 20:59:44.313409 | 		Spearman r = 0.5307814630161093, P = 2.840276824489343e-100
2021-03-12 21:02:07.757240 | Results for data/dms/dms_mapk1.csv:
2021-03-12 21:02:07.757360 | 	DMS_DOX-tape:
2021-03-12 21:02:07.762221 | 		Spearman r = -0.38671135992345945, P = 8.504481770906424e-242
2021-03-12 21:02:07.762244 | 	DMS_DOX-DeepSequence:
2021-03-12 21:02:07.766173 | 		Spearman r = -0.524514722370891, P = 0.0
2021-03-12 21:02:07.766188 | 	DMS_SCH-tape:
2021-03-12 21:02:07.770215 | 		Spearman r = 0.11865359835231262, P = 8.827317007493954e-23
2021-03-12 21:02:07.770227 | 	DMS_SCH-DeepSequence:
2021-03-12 21:02:07.774109 | 		Spearman r = 0.08739474498220408, P = 5.027470327273498e-13
2021-03-12 21:02:07.774123 | 	DMS_VRT-tape:
2021-03-12 21:02:07.778164 | 		Spearman r = 0.1960157656148386, P = 5.896108441351724e-60
2021-03-12 21:02:07.778176 | 	DMS_VRT-DeepSequence:
2021-03-12 21:02:07.782058 | 		Spearman r = 0.19226655810441598, P = 1.0358117677458512e-57
2021-03-12 21:05:01.807526 | Results for data/dms/dms_p53.csv:
2021-03-12 21:05:01.807602 | 	DMS_WT_Nutlin-tape:
2021-03-12 21:05:01.812359 | 		Spearman r = 0.18212067187086703, P = 1.4650629497869918e-56
2021-03-12 21:05:01.812373 | 	DMS_WT_Nutlin-DeepSequence:
2021-03-12 21:05:01.816620 | 		Spearman r = -0.3964885512825907, P = 6.819476268696585e-279
2021-03-12 21:05:01.816633 | 	DMS_null_Nutlin-tape:
2021-03-12 21:05:01.820982 | 		Spearman r = 0.14527600537808935, P = 2.0485675143958018e-36
2021-03-12 21:05:01.820994 | 	DMS_null_Nutlin-DeepSequence:
2021-03-12 21:05:01.825205 | 		Spearman r = -0.32184512921424985, P = 4.472343172720859e-179
2021-03-12 21:05:01.825218 | 	DMS_null_etoposide-tape:
2021-03-12 21:05:01.829551 | 		Spearman r = -0.14930492620836475, P = 2.1785564796643656e-38
2021-03-12 21:05:01.829568 | 	DMS_null_etoposide-DeepSequence:
2021-03-12 21:05:01.833760 | 		Spearman r = 0.39916046455733617, P = 5.587358101232554e-283
2021-03-14 18:00:57.382406 | Results for data/dms/dms_pa.csv:
2021-03-14 18:00:57.387464 | 	DMS-tape:
2021-03-14 18:00:57.391676 | 		Spearman r = 0.027918215473392165, P = 0.2342576639444928
2021-03-14 18:00:57.391697 | 	DMS-DeepSequence:
2021-03-14 18:00:57.392089 | 		No DeepSequence results
2021-03-14 18:07:31.610600 | Results for data/dms/dms_pab1.csv:
2021-03-14 18:07:31.611420 | 	DMS-tape:
2021-03-14 18:07:31.614140 | 		Spearman r = -0.04205833373171714, P = 0.14757671051702773
2021-03-14 18:07:31.614154 | 	DMS-DeepSequence:
2021-03-14 18:07:31.616593 | 		Spearman r = 0.646482582897206, P = 1.9835289912584704e-141
2021-03-14 18:10:32.985000 | Results for data/dms/dms_pten.csv:
2021-03-14 18:10:32.986159 | 	DMS_(a)-tape:
2021-03-14 18:10:32.989640 | 		Spearman r = 0.0823465024990426, P = 1.2377178356353775e-07
2021-03-14 18:10:32.989653 | 	DMS_(a)-DeepSequence:
2021-03-14 18:10:32.992835 | 		Spearman r = 0.4138912237146598, P = 5.994125076026103e-170
2021-03-14 18:10:32.992848 | 	DMS_(b)-tape:
2021-03-14 18:10:32.997813 | 		Spearman r = 0.11599013311799901, P = 3.5900737115909804e-23
2021-03-14 18:10:32.997826 | 	DMS_(b)-DeepSequence:
2021-03-14 18:10:33.002691 | 		Spearman r = 0.5104705911027728, P = 0.0
2021-03-14 18:10:33.002705 | 	DMS_highqual_(b)-tape:
2021-03-14 18:10:33.006647 | 		Spearman r = 0.12453342524812584, P = 4.1916555277621856e-24
2021-03-14 18:10:33.006659 | 	DMS_highqual_(b)-DeepSequence:
2021-03-14 18:10:33.010620 | 		Spearman r = 0.5559132663038404, P = 0.0
2021-03-14 18:11:02.657817 | Results for data/dms/dms_sumo1.csv:
2021-03-14 18:11:02.664334 | 	DMS-tape:
2021-03-14 18:11:02.668053 | 		Spearman r = 0.113012016307842, P = 2.995198806196016e-06
2021-03-14 18:11:02.668072 | 	DMS-DeepSequence:
2021-03-14 18:11:02.671188 | 		Spearman r = 0.5337810656274805, P = 8.032294451579581e-126
2021-03-14 18:11:02.671212 | 	DMS_flipped-tape:
2021-03-14 18:11:02.673993 | 		Spearman r = 0.11256949630941251, P = 3.2755212179207252e-06
2021-03-14 18:11:02.674011 | 	DMS_flipped-DeepSequence:
2021-03-14 18:11:02.676878 | 		Spearman r = 0.5362040259610918, P = 3.6615327903771633e-127
2021-03-14 18:12:24.721613 | Results for data/dms/dms_tpk1.csv:
2021-03-14 18:12:24.724049 | 	DMS-tape:
2021-03-14 18:12:24.727651 | 		Spearman r = 0.0729320149178018, P = 3.834059710670674e-05
2021-03-14 18:12:24.727664 | 	DMS-DeepSequence:
2021-03-14 18:12:24.731317 | 		Spearman r = 0.24280099811590772, P = 6.59230518635381e-44
2021-03-14 18:12:24.731346 | 	DMS_flipped-tape:
2021-03-14 18:12:24.735537 | 		Spearman r = 0.0722778466925846, P = 4.4990937895917364e-05
2021-03-14 18:12:24.735556 | 	DMS_flipped-DeepSequence:
2021-03-14 18:12:24.739804 | 		Spearman r = 0.2564580220213769, P = 5.9652162548650945e-49
2021-03-14 18:13:47.765213 | Results for data/dms/dms_tpmt.csv:
2021-03-14 18:13:47.767458 | 	DMS-tape:
2021-03-14 18:13:47.771420 | 		Spearman r = 0.17541301086364663, P = 7.063209389025722e-27
2021-03-14 18:13:47.771439 | 	DMS-DeepSequence:
2021-03-14 18:13:47.775905 | 		Spearman r = 0.4834839985341243, P = 1.835353754713478e-215
2021-03-14 18:14:36.335861 | Results for data/dms/dms_ube2i.csv:
2021-03-14 18:14:36.336713 | 	DMS-tape:
2021-03-14 18:14:36.339421 | 		Spearman r = 0.24599286144592303, P = 1.2334421881803485e-36
2021-03-14 18:14:36.339434 | 	DMS-DeepSequence:
2021-03-14 18:14:36.341858 | 		Spearman r = 0.5032009533628997, P = 1.3342316719484786e-164
2021-03-14 18:14:36.341872 | 	DMS_flipped-tape:
2021-03-14 18:14:36.344123 | 		Spearman r = 0.25288409225938474, P = 1.0978416415263214e-38
2021-03-14 18:14:36.344135 | 	DMS_flipped-DeepSequence:
2021-03-14 18:14:36.346466 | 		Spearman r = 0.5234873675079789, P = 2.3866498382839045e-180
2021-03-14 18:17:18.190752 | Results for data/dms/dms_ubi4.csv:
2021-03-14 18:17:18.193346 | 	DMS_(a)-tape:
2021-03-14 18:17:18.195694 | 		Spearman r = 0.045150016465389034, P = 0.11877341114537204
2021-03-14 18:17:18.195708 | 	DMS_(a)-DeepSequence:
2021-03-14 18:17:18.197774 | 		Spearman r = 0.07270297274986905, P = 0.011938746759664305
2021-03-14 18:17:18.197788 | 	DMS_excess_(a)-tape:
2021-03-14 18:17:18.199393 | 		Spearman r = 0.026532512680460474, P = 0.6269155200865255
2021-03-14 18:17:18.199408 | 	DMS_excess_(a)-DeepSequence:
2021-03-14 18:17:18.201465 | 		Spearman r = 0.010365479127409668, P = 0.8494140150138807
2021-03-14 18:17:18.201486 | 	DMS_limiting_(b)-tape:
2021-03-14 18:17:18.204453 | 		Spearman r = 0.09958659786699339, P = 0.00021110758023253228
2021-03-14 18:17:18.204473 | 	DMS_limiting_(b)-DeepSequence:
2021-03-14 18:17:18.207515 | 		Spearman r = 0.1527675569083452, P = 1.1742149691927832e-08
